app/build/outputs/logs/manifest-merger-debug-report.txt
-- Merging decision tree log ---
provider#com.fy.img.picker.ImagePickerProvider
INJECTED from src\main\AndroidManifest.xml:336:9-344:20
MERGED from [:imgPicker] AndroidManifest.xml:38:9-46:20
MERGED from [:imgPicker] AndroidManifest.xml:38:9-46:20
	android:grantUriPermissions
		ADDED from src\main\AndroidManifest.xml:340:13-47
	android:authorities
		INJECTED from src\main\AndroidManifest.xml
		ADDED from src\main\AndroidManifest.xml:338:13-60
	android:exported
		ADDED from src\main\AndroidManifest.xml:339:13-37
	android:name
		ADDED from src\main\AndroidManifest.xml:337:13-65
manifest
ADDED from src\main\AndroidManifest.xml:2:1-357:12
INJECTED from src\main\AndroidManifest.xml:2:1-357:12
INJECTED from src\main\AndroidManifest.xml:2:1-357:12
INJECTED from src\main\AndroidManifest.xml:2:1-357:12
MERGED from [:imgPicker] AndroidManifest.xml:2:1-49:12
MERGED from [:pickerdate] AndroidManifest.xml:2:1-12:12
MERGED from [:baselibrary] AndroidManifest.xml:2:1-12:12
MERGED from [com.android.support:multidex:1.0.3] AndroidManifest.xml:17:1-22:12
MERGED from [com.android.support.constraint:constraint-layout:1.0.2] AndroidManifest.xml:2:1-11:12
MERGED from [:agora-release] AndroidManifest.xml:2:1-27:12
MERGED from [:core-release] AndroidManifest.xml:2:1-15:12
MERGED from [:imchat-release] AndroidManifest.xml:2:1-78:12
MERGED from [:lib_login-release] AndroidManifest.xml:2:1-34:12
MERGED from [:ui-release] AndroidManifest.xml:2:1-20:12
MERGED from [:calendarview] AndroidManifest.xml:2:1-17:12
MERGED from [:chartlibrary] AndroidManifest.xml:2:1-17:12
MERGED from [com.android.support:design:27.0.1] AndroidManifest.xml:17:1-22:12
MERGED from [me.zhanghai.android.materialratingbar:library:1.2.0] AndroidManifest.xml:6:1-16:12
MERGED from [com.lzy.widget:ninegridview:0.2.0] AndroidManifest.xml:2:1-21:12
MERGED from [com.bigkoo:convenientbanner:2.0.5] AndroidManifest.xml:2:1-9:12
MERGED from [com.jph.takephoto:takephoto_library:4.0.3] AndroidManifest.xml:2:1-28:12
MERGED from [com.darsh.multipleimageselect:multipleimageselect:1.0.4] AndroidManifest.xml:2:1-36:12
MERGED from [com.android.support:appcompat-v7:27.0.1] AndroidManifest.xml:17:1-22:12
MERGED from [com.android.support:recyclerview-v7:27.0.1] AndroidManifest.xml:17:1-22:12
MERGED from [com.android.support:cardview-v7:27.0.1] AndroidManifest.xml:17:1-22:12
MERGED from [com.android.support:exifinterface:27.0.1] AndroidManifest.xml:17:1-22:12
MERGED from [com.jakewharton:butterknife:8.5.1] AndroidManifest.xml:2:1-7:12
MERGED from [io.reactivex.rxjava2:rxandroid:2.0.1] AndroidManifest.xml:15:1-21:12
MERGED from [com.tencent.bugly:crashreport:2.6.6.1] AndroidManifest.xml:2:1-9:12
MERGED from [com.tencent.bugly:nativecrashreport:3.3.1] AndroidManifest.xml:2:1-9:12
MERGED from [de.hdodenhof:circleimageview:2.1.0] AndroidManifest.xml:2:1-11:12
MERGED from [com.github.CymChad:BaseRecyclerViewAdapterHelper:2.9.30] AndroidManifest.xml:2:1-11:12
MERGED from [com.scwang.smartrefresh:SmartRefreshLayout:1.0.3] AndroidManifest.xml:2:1-17:12
MERGED from [com.github.chrisbanes:PhotoView:2.0.0] AndroidManifest.xml:2:1-12:12
MERGED from [com.githang:status-bar-compat:0.7] AndroidManifest.xml:2:1-14:12
MERGED from [com.just.agentweb:agentweb:3.1.0] AndroidManifest.xml:2:1-37:12
MERGED from [com.ToxicBakery.viewpager.transforms:view-pager-transforms:1.2.32] AndroidManifest.xml:17:1-27:12
MERGED from [com.soundcloud.android.crop:lib_crop:1.0.0] AndroidManifest.xml:2:1-12:12
MERGED from [me.shaohui.advancedluban:library:1.3.2] AndroidManifest.xml:2:1-11:12
MERGED from [com.github.chrisbanes.photoview:library:1.2.4] AndroidManifest.xml:2:1-11:12
MERGED from [com.android.support:support-v4:27.0.1] AndroidManifest.xml:17:1-22:12
MERGED from [com.android.support:support-fragment:27.0.1] AndroidManifest.xml:17:1-22:12
MERGED from [com.android.support:animated-vector-drawable:27.0.1] AndroidManifest.xml:17:1-22:12
MERGED from [com.android.support:support-core-ui:27.0.1] AndroidManifest.xml:17:1-22:12
MERGED from [com.android.support:transition:27.0.1] AndroidManifest.xml:17:1-22:12
MERGED from [com.android.support:support-core-utils:27.0.1] AndroidManifest.xml:17:1-22:12
MERGED from [com.android.support:support-media-compat:27.0.1] AndroidManifest.xml:17:1-22:12
MERGED from [com.android.support:support-vector-drawable:27.0.1] AndroidManifest.xml:17:1-22:12
MERGED from [com.android.support:support-compat:27.0.1] AndroidManifest.xml:17:1-22:12
MERGED from [io.reactivex:rxandroid:1.2.1] AndroidManifest.xml:15:1-21:12
MERGED from [android.arch.lifecycle:runtime:1.0.0] AndroidManifest.xml:17:1-30:12
INJECTED from src\main\AndroidManifest.xml:2:1-357:12
INJECTED from src\main\AndroidManifest.xml:2:1-357:12
INJECTED from src\main\AndroidManifest.xml:2:1-357:12
	package
		ADDED from src\main\AndroidManifest.xml:3:5-29
		INJECTED from src\main\AndroidManifest.xml
		INJECTED from src\main\AndroidManifest.xml
	android:versionName
		INJECTED from src\main\AndroidManifest.xml
		ADDED from src\main\AndroidManifest.xml:2:1-357:12
		INJECTED from src\main\AndroidManifest.xml
	android:versionCode
		INJECTED from src\main\AndroidManifest.xml
		ADDED from src\main\AndroidManifest.xml:2:1-357:12
		INJECTED from src\main\AndroidManifest.xml
	xmlns:android
		ADDED from src\main\AndroidManifest.xml:2:11-69
uses-permission#android.permission.MOUNT_UNMOUNT_FILESYSTEMS
ADDED from src\main\AndroidManifest.xml:6:5-84
	android:name
		ADDED from src\main\AndroidManifest.xml:6:22-81
uses-permission#android.permission.WRITE_EXTERNAL_STORAGE
ADDED from src\main\AndroidManifest.xml:8:5-81
MERGED from [:agora-release] AndroidManifest.xml:14:5-81
MERGED from [:agora-release] AndroidManifest.xml:14:5-81
MERGED from [:imchat-release] AndroidManifest.xml:22:5-81
MERGED from [:imchat-release] AndroidManifest.xml:22:5-81
MERGED from [:ui-release] AndroidManifest.xml:12:5-81
MERGED from [:ui-release] AndroidManifest.xml:12:5-81
MERGED from [com.lzy.widget:ninegridview:0.2.0] AndroidManifest.xml:12:5-81
MERGED from [com.lzy.widget:ninegridview:0.2.0] AndroidManifest.xml:12:5-81
MERGED from [com.jph.takephoto:takephoto_library:4.0.3] AndroidManifest.xml:11:5-81
MERGED from [com.jph.takephoto:takephoto_library:4.0.3] AndroidManifest.xml:11:5-81
	android:name
		ADDED from src\main\AndroidManifest.xml:8:22-78
uses-permission#android.permission.READ_EXTERNAL_STORAGE
ADDED from src\main\AndroidManifest.xml:10:5-80
MERGED from [:ui-release] AndroidManifest.xml:11:5-80
MERGED from [:ui-release] AndroidManifest.xml:11:5-80
MERGED from [com.lzy.widget:ninegridview:0.2.0] AndroidManifest.xml:13:5-80
MERGED from [com.lzy.widget:ninegridview:0.2.0] AndroidManifest.xml:13:5-80
MERGED from [com.darsh.multipleimageselect:multipleimageselect:1.0.4] AndroidManifest.xml:11:5-80
MERGED from [com.darsh.multipleimageselect:multipleimageselect:1.0.4] AndroidManifest.xml:11:5-80
	android:name
		ADDED from src\main\AndroidManifest.xml:10:22-77
uses-permission#android.permission.CAMERA
ADDED from src\main\AndroidManifest.xml:12:5-65
MERGED from [:agora-release] AndroidManifest.xml:11:5-65
MERGED from [:agora-release] AndroidManifest.xml:11:5-65
MERGED from [:imchat-release] AndroidManifest.xml:11:5-65
MERGED from [:imchat-release] AndroidManifest.xml:11:5-65
MERGED from [com.jph.takephoto:takephoto_library:4.0.3] AndroidManifest.xml:12:5-65
MERGED from [com.jph.takephoto:takephoto_library:4.0.3] AndroidManifest.xml:12:5-65
	android:name
		ADDED from src\main\AndroidManifest.xml:12:22-62
uses-permission#android.permission.REQUEST_INSTALL_PACKAGES
ADDED from src\main\AndroidManifest.xml:14:5-82
	android:name
		ADDED from src\main\AndroidManifest.xml:14:22-80
uses-feature#android.hardware.camera
ADDED from src\main\AndroidManifest.xml:15:5-60
	android:name
		ADDED from src\main\AndroidManifest.xml:15:19-57
uses-feature#android.hardware.camera.autofocus
ADDED from src\main\AndroidManifest.xml:16:5-70
	android:name
		ADDED from src\main\AndroidManifest.xml:16:19-67
uses-permission#android.permission.INTERNET
ADDED from src\main\AndroidManifest.xml:18:5-67
MERGED from [:agora-release] AndroidManifest.xml:9:5-67
MERGED from [:agora-release] AndroidManifest.xml:9:5-67
MERGED from [:imchat-release] AndroidManifest.xml:14:5-67
MERGED from [:imchat-release] AndroidManifest.xml:14:5-67
MERGED from [:lib_login-release] AndroidManifest.xml:11:5-67
MERGED from [:lib_login-release] AndroidManifest.xml:11:5-67
MERGED from [com.lzy.widget:ninegridview:0.2.0] AndroidManifest.xml:11:5-67
MERGED from [com.lzy.widget:ninegridview:0.2.0] AndroidManifest.xml:11:5-67
	android:name
		ADDED from src\main\AndroidManifest.xml:18:22-64
uses-permission#android.permission.ACCESS_NETWORK_STATE
ADDED from src\main\AndroidManifest.xml:19:5-79
MERGED from [:agora-release] AndroidManifest.xml:13:5-79
MERGED from [:agora-release] AndroidManifest.xml:13:5-79
MERGED from [:imchat-release] AndroidManifest.xml:9:5-79
MERGED from [:imchat-release] AndroidManifest.xml:9:5-79
	android:name
		ADDED from src\main\AndroidManifest.xml:19:22-76
uses-permission#android.permission.ACCESS_WIFI_STATE
ADDED from src\main\AndroidManifest.xml:20:5-76
MERGED from [:agora-release] AndroidManifest.xml:16:5-76
MERGED from [:agora-release] AndroidManifest.xml:16:5-76
MERGED from [:imchat-release] AndroidManifest.xml:10:5-76
MERGED from [:imchat-release] AndroidManifest.xml:10:5-76
	android:name
		ADDED from src\main\AndroidManifest.xml:20:22-73
uses-permission#android.permission.READ_LOGS
ADDED from src\main\AndroidManifest.xml:21:5-68
MERGED from [:agora-release] AndroidManifest.xml:17:5-68
MERGED from [:agora-release] AndroidManifest.xml:17:5-68
MERGED from [:imchat-release] AndroidManifest.xml:16:5-68
MERGED from [:imchat-release] AndroidManifest.xml:16:5-68
	android:name
		ADDED from src\main\AndroidManifest.xml:21:22-65
application
ADDED from src\main\AndroidManifest.xml:23:5-355:19
MERGED from [:imgPicker] AndroidManifest.xml:11:5-47:19
MERGED from [:imgPicker] AndroidManifest.xml:11:5-47:19
MERGED from [com.android.support.constraint:constraint-layout:1.0.2] AndroidManifest.xml:9:5-20
MERGED from [com.android.support.constraint:constraint-layout:1.0.2] AndroidManifest.xml:9:5-20
MERGED from [:agora-release] AndroidManifest.xml:19:5-25:19
MERGED from [:agora-release] AndroidManifest.xml:19:5-25:19
MERGED from [:core-release] AndroidManifest.xml:9:5-13:19
MERGED from [:core-release] AndroidManifest.xml:9:5-13:19
MERGED from [:imchat-release] AndroidManifest.xml:24:5-76:19
MERGED from [:imchat-release] AndroidManifest.xml:24:5-76:19
MERGED from [:lib_login-release] AndroidManifest.xml:13:5-32:19
MERGED from [:lib_login-release] AndroidManifest.xml:13:5-32:19
MERGED from [:ui-release] AndroidManifest.xml:14:5-18:19
MERGED from [:ui-release] AndroidManifest.xml:14:5-18:19
MERGED from [:calendarview] AndroidManifest.xml:11:5-15:19
MERGED from [:calendarview] AndroidManifest.xml:11:5-15:19
MERGED from [:chartlibrary] AndroidManifest.xml:11:5-15:19
MERGED from [:chartlibrary] AndroidManifest.xml:11:5-15:19
MERGED from [com.lzy.widget:ninegridview:0.2.0] AndroidManifest.xml:15:5-19:19
MERGED from [com.lzy.widget:ninegridview:0.2.0] AndroidManifest.xml:15:5-19:19
MERGED from [com.jph.takephoto:takephoto_library:4.0.3] AndroidManifest.xml:14:5-26:19
MERGED from [com.jph.takephoto:takephoto_library:4.0.3] AndroidManifest.xml:14:5-26:19
MERGED from [com.darsh.multipleimageselect:multipleimageselect:1.0.4] AndroidManifest.xml:13:5-34:19
MERGED from [com.darsh.multipleimageselect:multipleimageselect:1.0.4] AndroidManifest.xml:13:5-34:19
MERGED from [de.hdodenhof:circleimageview:2.1.0] AndroidManifest.xml:9:5-20
MERGED from [de.hdodenhof:circleimageview:2.1.0] AndroidManifest.xml:9:5-20
MERGED from [com.scwang.smartrefresh:SmartRefreshLayout:1.0.3] AndroidManifest.xml:11:5-15:19
MERGED from [com.scwang.smartrefresh:SmartRefreshLayout:1.0.3] AndroidManifest.xml:11:5-15:19
MERGED from [com.githang:status-bar-compat:0.7] AndroidManifest.xml:12:5-20
MERGED from [com.githang:status-bar-compat:0.7] AndroidManifest.xml:12:5-20
MERGED from [com.just.agentweb:agentweb:3.1.0] AndroidManifest.xml:11:5-35:19
MERGED from [com.just.agentweb:agentweb:3.1.0] AndroidManifest.xml:11:5-35:19
MERGED from [android.arch.lifecycle:runtime:1.0.0] AndroidManifest.xml:24:5-28:19
MERGED from [android.arch.lifecycle:runtime:1.0.0] AndroidManifest.xml:24:5-28:19
	android:supportsRtl
		ADDED from src\main\AndroidManifest.xml:29:9-35
	android:label
		ADDED from src\main\AndroidManifest.xml:27:9-41
	android:roundIcon
		ADDED from src\main\AndroidManifest.xml:28:9-44
	android:icon
		ADDED from src\main\AndroidManifest.xml:26:9-39
	android:allowBackup
		ADDED from src\main\AndroidManifest.xml:25:9-35
	android:theme
		ADDED from src\main\AndroidManifest.xml:30:9-42
	android:name
		ADDED from src\main\AndroidManifest.xml:24:9-70
activity#com.fy.baselibrary.startactivity.StartActivity
ADDED from src\main\AndroidManifest.xml:31:9-42:20
	android:screenOrientation
		ADDED from src\main\AndroidManifest.xml:35:13-49
	android:launchMode
		ADDED from src\main\AndroidManifest.xml:34:13-43
	android:configChanges
		ADDED from src\main\AndroidManifest.xml:33:13-59
	android:theme
		ADDED from src\main\AndroidManifest.xml:36:13-49
	android:name
		ADDED from src\main\AndroidManifest.xml:32:13-74
intent-filter#android.intent.action.MAIN+android.intent.category.LAUNCHER
ADDED from src\main\AndroidManifest.xml:37:13-41:29
action#android.intent.action.MAIN
ADDED from src\main\AndroidManifest.xml:38:17-69
	android:name
		ADDED from src\main\AndroidManifest.xml:38:25-66
category#android.intent.category.LAUNCHER
ADDED from src\main\AndroidManifest.xml:40:17-77
	android:name
		ADDED from src\main\AndroidManifest.xml:40:27-74
activity#com.hjy.sports.student.login.StartUpActivity
ADDED from src\main\AndroidManifest.xml:44:9-52:20
	android:label
		ADDED from src\main\AndroidManifest.xml:46:13-60
	android:name
		ADDED from src\main\AndroidManifest.xml:45:13-58
intent-filter#android.intent.category.DEFAULT+com.hjy.sports.student.login.StartUpActivity
ADDED from src\main\AndroidManifest.xml:47:13-51:29
action#com.hjy.sports.student.login.StartUpActivity
ADDED from src\main\AndroidManifest.xml:48:17-87
	android:name
		ADDED from src\main\AndroidManifest.xml:48:25-84
category#android.intent.category.DEFAULT
ADDED from src\main\AndroidManifest.xml:50:17-76
	android:name
		ADDED from src\main\AndroidManifest.xml:50:27-73
activity#com.hjy.sports.student.main.StudentMainActivity
ADDED from src\main\AndroidManifest.xml:54:9-63:20
	android:screenOrientation
		ADDED from src\main\AndroidManifest.xml:57:13-49
	android:launchMode
		ADDED from src\main\AndroidManifest.xml:56:13-44
	android:name
		ADDED from src\main\AndroidManifest.xml:55:13-61
intent-filter#android.intent.category.DEFAULT+com.hjy.sports.main.student.MainActivity
ADDED from src\main\AndroidManifest.xml:58:13-62:29
action#com.hjy.sports.main.student.MainActivity
ADDED from src\main\AndroidManifest.xml:59:17-83
	android:name
		ADDED from src\main\AndroidManifest.xml:59:25-80
activity#com.hjy.sports.student.login.LoginActivity
ADDED from src\main\AndroidManifest.xml:64:9-71:20
	android:screenOrientation
		ADDED from src\main\AndroidManifest.xml:66:13-49
	android:name
		ADDED from src\main\AndroidManifest.xml:65:13-56
intent-filter#android.intent.category.DEFAULT+com.hjy.sports.student.login.LoginActivity
ADDED from src\main\AndroidManifest.xml:67:13-70:29
action#com.hjy.sports.student.login.LoginActivity
ADDED from src\main\AndroidManifest.xml:68:17-85
	android:name
		ADDED from src\main\AndroidManifest.xml:68:25-82
activity#com.hjy.sports.student.modify.info.ModifyInfoActivity
ADDED from src\main\AndroidManifest.xml:72:9-75:57
	android:screenOrientation
		ADDED from src\main\AndroidManifest.xml:74:13-49
	android:windowSoftInputMode
		ADDED from src\main\AndroidManifest.xml:75:13-55
	android:name
		ADDED from src\main\AndroidManifest.xml:73:13-67
activity#com.hjy.sports.student.modify.info.CustomerActivity
ADDED from src\main\AndroidManifest.xml:77:9-79:52
	android:screenOrientation
		ADDED from src\main\AndroidManifest.xml:79:13-49
	android:name
		ADDED from src\main\AndroidManifest.xml:78:13-65
activity#com.hjy.sports.student.datamodule.stature.StatureActivity
ADDED from src\main\AndroidManifest.xml:81:9-83:52
	android:screenOrientation
		ADDED from src\main\AndroidManifest.xml:83:13-49
	android:name
		ADDED from src\main\AndroidManifest.xml:82:13-71
activity#com.hjy.sports.student.datamodule.bodydetection.BodyDetectionActivity
ADDED from src\main\AndroidManifest.xml:86:9-88:52
	android:screenOrientation
		ADDED from src\main\AndroidManifest.xml:88:13-49
	android:name
		ADDED from src\main\AndroidManifest.xml:87:13-83
activity#com.hjy.sports.student.datamodule.physicalfitness.PhysicalFitnessActivity
ADDED from src\main\AndroidManifest.xml:91:9-93:52
	android:screenOrientation
		ADDED from src\main\AndroidManifest.xml:93:13-49
	android:name
		ADDED from src\main\AndroidManifest.xml:92:13-87
activity#com.hjy.sports.student.socialmodule.PhotoInfoActivity
ADDED from src\main\AndroidManifest.xml:96:9-98:52
	android:screenOrientation
		ADDED from src\main\AndroidManifest.xml:98:13-49
	android:name
		ADDED from src\main\AndroidManifest.xml:97:13-67
activity#com.hjy.sports.student.socialmodule.socaildetail.SocialDetailActivity
ADDED from src\main\AndroidManifest.xml:101:9-103:52
	android:screenOrientation
		ADDED from src\main\AndroidManifest.xml:103:13-49
	android:name
		ADDED from src\main\AndroidManifest.xml:102:13-83
activity#com.hjy.sports.student.socialmodule.mysocial.MySocialActivity
ADDED from src\main\AndroidManifest.xml:106:9-108:52
	android:screenOrientation
		ADDED from src\main\AndroidManifest.xml:108:13-49
	android:name
		ADDED from src\main\AndroidManifest.xml:107:13-75
activity#com.hjy.sports.student.socialmodule.AddSocialActivity
ADDED from src\main\AndroidManifest.xml:111:9-113:52
	android:screenOrientation
		ADDED from src\main\AndroidManifest.xml:113:13-49
	android:name
		ADDED from src\main\AndroidManifest.xml:112:13-67
activity#com.hjy.sports.student.socialmodule.socaildetail.SonRecommendActivity
ADDED from src\main\AndroidManifest.xml:116:9-118:52
	android:screenOrientation
		ADDED from src\main\AndroidManifest.xml:118:13-49
	android:name
		ADDED from src\main\AndroidManifest.xml:117:13-83
activity#com.hjy.sports.student.socialmodule.socaildetail.MySocialDetailActivity
ADDED from src\main\AndroidManifest.xml:121:9-123:52
	android:screenOrientation
		ADDED from src\main\AndroidManifest.xml:123:13-49
	android:name
		ADDED from src\main\AndroidManifest.xml:122:13-85
activity#com.hjy.sports.student.socialmodule.friendsocial.FriendSocialActivity
ADDED from src\main\AndroidManifest.xml:126:9-128:52
	android:screenOrientation
		ADDED from src\main\AndroidManifest.xml:128:13-49
	android:name
		ADDED from src\main\AndroidManifest.xml:127:13-83
activity#com.hjy.sports.student.homemodule.corporeity.selftest.PKActivity
ADDED from src\main\AndroidManifest.xml:131:9-133:52
	android:screenOrientation
		ADDED from src\main\AndroidManifest.xml:133:13-49
	android:name
		ADDED from src\main\AndroidManifest.xml:132:13-78
activity#com.hjy.sports.student.homemodule.quality.figure.FigureActivity
ADDED from src\main\AndroidManifest.xml:136:9-138:52
	android:screenOrientation
		ADDED from src\main\AndroidManifest.xml:138:13-49
	android:name
		ADDED from src\main\AndroidManifest.xml:137:13-77
activity#com.hjy.sports.student.homemodule.quality.stamina.StaminaActivity
ADDED from src\main\AndroidManifest.xml:141:9-143:52
	android:screenOrientation
		ADDED from src\main\AndroidManifest.xml:143:13-49
	android:name
		ADDED from src\main\AndroidManifest.xml:142:13-79
activity#com.hjy.sports.student.homemodule.quality.standard.StandardActivity
ADDED from src\main\AndroidManifest.xml:146:9-148:52
	android:screenOrientation
		ADDED from src\main\AndroidManifest.xml:148:13-49
	android:name
		ADDED from src\main\AndroidManifest.xml:147:13-81
activity#com.hjy.sports.student.homemodule.quality.sensory.SensoryActivity
ADDED from src\main\AndroidManifest.xml:153:9-155:52
	android:screenOrientation
		ADDED from src\main\AndroidManifest.xml:155:13-49
	android:name
		ADDED from src\main\AndroidManifest.xml:154:13-79
activity#com.hjy.sports.student.homemodule.quality.sensory.SensoryMainActivity
ADDED from src\main\AndroidManifest.xml:158:9-160:52
	android:screenOrientation
		ADDED from src\main\AndroidManifest.xml:160:13-49
	android:name
		ADDED from src\main\AndroidManifest.xml:159:13-83
activity#com.hjy.sports.student.homemodule.quality.sensory.SensoryMoreActivity
ADDED from src\main\AndroidManifest.xml:162:9-164:52
	android:screenOrientation
		ADDED from src\main\AndroidManifest.xml:164:13-49
	android:name
		ADDED from src\main\AndroidManifest.xml:163:13-83
activity#com.hjy.sports.student.homemodule.corporeity.exercise.ExerciseActivity
ADDED from src\main\AndroidManifest.xml:167:9-169:52
	android:screenOrientation
		ADDED from src\main\AndroidManifest.xml:169:13-49
	android:name
		ADDED from src\main\AndroidManifest.xml:168:13-84
activity#com.hjy.sports.student.homemodule.corporeity.exercise.ExerciseOneActivity
ADDED from src\main\AndroidManifest.xml:172:9-174:52
	android:screenOrientation
		ADDED from src\main\AndroidManifest.xml:174:13-49
	android:name
		ADDED from src\main\AndroidManifest.xml:173:13-87
activity#com.hjy.sports.student.homemodule.corporeity.exercise.ExerciseOneParticularsActivity
ADDED from src\main\AndroidManifest.xml:176:9-178:52
	android:screenOrientation
		ADDED from src\main\AndroidManifest.xml:178:13-49
	android:name
		ADDED from src\main\AndroidManifest.xml:177:13-98
activity#com.hjy.sports.student.homemodule.corporeity.exercise.ExerciseTwoActivity
ADDED from src\main\AndroidManifest.xml:180:9-182:52
	android:screenOrientation
		ADDED from src\main\AndroidManifest.xml:182:13-49
	android:name
		ADDED from src\main\AndroidManifest.xml:181:13-87
activity#com.hjy.sports.student.homemodule.corporeity.exercise.ExerciseForeActivity
ADDED from src\main\AndroidManifest.xml:184:9-186:52
	android:screenOrientation
		ADDED from src\main\AndroidManifest.xml:186:13-49
	android:name
		ADDED from src\main\AndroidManifest.xml:185:13-88
activity#com.hjy.sports.student.homemodule.corporeity.exercise.ExerciseForeParticularsActivity
ADDED from src\main\AndroidManifest.xml:188:9-190:52
	android:screenOrientation
		ADDED from src\main\AndroidManifest.xml:190:13-49
	android:name
		ADDED from src\main\AndroidManifest.xml:189:13-99
activity#com.hjy.sports.student.homemodule.corporeity.diet.DietActivity
ADDED from src\main\AndroidManifest.xml:193:9-195:52
	android:screenOrientation
		ADDED from src\main\AndroidManifest.xml:195:13-49
	android:name
		ADDED from src\main\AndroidManifest.xml:194:13-76
activity#com.hjy.sports.student.homemodule.corporeity.selftest.SelfTestingActivity
ADDED from src\main\AndroidManifest.xml:198:9-201:72
	android:screenOrientation
		ADDED from src\main\AndroidManifest.xml:200:13-49
	android:windowSoftInputMode
		ADDED from src\main\AndroidManifest.xml:201:13-69
	android:name
		ADDED from src\main\AndroidManifest.xml:199:13-87
activity#com.hjy.sports.student.homemodule.corporeity.selftest.SelfChallengeActivity
ADDED from src\main\AndroidManifest.xml:204:9-206:52
	android:screenOrientation
		ADDED from src\main\AndroidManifest.xml:206:13-49
	android:name
		ADDED from src\main\AndroidManifest.xml:205:13-89
activity#com.hjy.sports.student.homemodule.corporeity.selftest.SelfChallengeRecordActivity
ADDED from src\main\AndroidManifest.xml:209:9-211:52
	android:screenOrientation
		ADDED from src\main\AndroidManifest.xml:211:13-49
	android:name
		ADDED from src\main\AndroidManifest.xml:210:13-95
activity#com.hjy.sports.student.homemodule.corporeity.staminasignal.StaminaSignalActivity
ADDED from src\main\AndroidManifest.xml:214:9-216:52
	android:screenOrientation
		ADDED from src\main\AndroidManifest.xml:216:13-49
	android:name
		ADDED from src\main\AndroidManifest.xml:215:13-94
activity#com.hjy.sports.student.homemodule.corporeity.staminasignal.StaminaSignalsActivity
ADDED from src\main\AndroidManifest.xml:218:9-220:52
	android:screenOrientation
		ADDED from src\main\AndroidManifest.xml:220:13-49
	android:name
		ADDED from src\main\AndroidManifest.xml:219:13-95
activity#com.hjy.sports.student.homemodule.expanded.sportsknowledge.SportsKnowledgeActivity
ADDED from src\main\AndroidManifest.xml:222:9-224:52
	android:screenOrientation
		ADDED from src\main\AndroidManifest.xml:224:13-49
	android:name
		ADDED from src\main\AndroidManifest.xml:223:13-96
activity#com.hjy.sports.student.homemodule.expanded.healthknowledge.HealthKnowledgeActivity
ADDED from src\main\AndroidManifest.xml:227:9-229:52
	android:screenOrientation
		ADDED from src\main\AndroidManifest.xml:229:13-49
	android:name
		ADDED from src\main\AndroidManifest.xml:228:13-96
activity#com.hjy.sports.student.homemodule.expanded.healthknowledge.HealthKnowledgeParticularsActivity
ADDED from src\main\AndroidManifest.xml:231:9-233:52
	android:screenOrientation
		ADDED from src\main\AndroidManifest.xml:233:13-49
	android:name
		ADDED from src\main\AndroidManifest.xml:232:13-107
activity#com.hjy.sports.student.homemodule.expanded.development.DevelopmentActivity
ADDED from src\main\AndroidManifest.xml:236:9-238:52
	android:screenOrientation
		ADDED from src\main\AndroidManifest.xml:238:13-49
	android:name
		ADDED from src\main\AndroidManifest.xml:237:13-88
activity#com.hjy.sports.student.homemodule.expanded.ornamental.OrnamentalActivity
ADDED from src\main\AndroidManifest.xml:241:9-243:52
	android:screenOrientation
		ADDED from src\main\AndroidManifest.xml:243:13-49
	android:name
		ADDED from src\main\AndroidManifest.xml:242:13-86
activity#com.hjy.sports.student.homemodule.expanded.ornamental.OrnamentalListContextActivity
ADDED from src\main\AndroidManifest.xml:245:9-247:52
	android:screenOrientation
		ADDED from src\main\AndroidManifest.xml:247:13-49
	android:name
		ADDED from src\main\AndroidManifest.xml:246:13-97
activity#com.hjy.sports.student.homemodule.expanded.ornamental.OrnamentalContextActivity
ADDED from src\main\AndroidManifest.xml:249:9-251:52
	android:screenOrientation
		ADDED from src\main\AndroidManifest.xml:251:13-49
	android:name
		ADDED from src\main\AndroidManifest.xml:250:13-93
activity#com.hjy.sports.student.homemodule.total.TotalPointsActivity
ADDED from src\main\AndroidManifest.xml:254:9-256:52
	android:screenOrientation
		ADDED from src\main\AndroidManifest.xml:256:13-49
	android:name
		ADDED from src\main\AndroidManifest.xml:255:13-73
activity#com.hjy.sports.student.homemodule.quality.standard.LiftingSchemeActivity
ADDED from src\main\AndroidManifest.xml:258:9-260:52
	android:screenOrientation
		ADDED from src\main\AndroidManifest.xml:260:13-49
	android:name
		ADDED from src\main\AndroidManifest.xml:259:13-86
meta-data#com.fy.baselibrary.utils.imgload.MyGlideModule
ADDED from src\main\AndroidManifest.xml:262:9-264:43
	android:value
		ADDED from src\main\AndroidManifest.xml:264:13-40
	android:name
		ADDED from src\main\AndroidManifest.xml:263:13-74
activity#com.hjy.sports.student.homemodule.corporeity.diet.DietListActivity
ADDED from src\main\AndroidManifest.xml:267:9-269:52
	android:screenOrientation
		ADDED from src\main\AndroidManifest.xml:269:13-49
	android:name
		ADDED from src\main\AndroidManifest.xml:268:13-80
activity#com.hjy.sports.util.PermissionActivity
ADDED from src\main\AndroidManifest.xml:271:9-274:62
	android:screenOrientation
		ADDED from src\main\AndroidManifest.xml:273:13-49
	android:theme
		ADDED from src\main\AndroidManifest.xml:274:13-59
	android:name
		ADDED from src\main\AndroidManifest.xml:272:13-52
activity#com.hjy.sports.student.homemodule.corporeity.diet.fragment.dailylist.EnergyDemandListActivity
ADDED from src\main\AndroidManifest.xml:287:9-289:52
	android:screenOrientation
		ADDED from src\main\AndroidManifest.xml:289:13-49
	android:name
		ADDED from src\main\AndroidManifest.xml:288:13-107
activity#com.hjy.sports.student.homemodule.expanded.development.ClubListActivity
ADDED from src\main\AndroidManifest.xml:292:9-294:52
	android:screenOrientation
		ADDED from src\main\AndroidManifest.xml:294:13-49
	android:name
		ADDED from src\main\AndroidManifest.xml:293:13-85
activity#com.hjy.sports.student.homemodule.expanded.development.ClubDetailActivity
ADDED from src\main\AndroidManifest.xml:297:9-299:52
	android:screenOrientation
		ADDED from src\main\AndroidManifest.xml:299:13-49
	android:name
		ADDED from src\main\AndroidManifest.xml:298:13-87
activity#com.hjy.sports.student.main.web.WebViewActivity
ADDED from src\main\AndroidManifest.xml:301:9-303:52
	android:screenOrientation
		ADDED from src\main\AndroidManifest.xml:303:13-49
	android:name
		ADDED from src\main\AndroidManifest.xml:302:13-61
activity#com.fy.img.picker.multiselect.ImgPickerActivity
ADDED from src\main\AndroidManifest.xml:306:9-314:20
MERGED from [:imgPicker] AndroidManifest.xml:17:9-25:20
MERGED from [:imgPicker] AndroidManifest.xml:17:9-25:20
	android:screenOrientation
		ADDED from src\main\AndroidManifest.xml:308:13-49
	android:name
		ADDED from src\main\AndroidManifest.xml:307:13-75
intent-filter#android.intent.category.DEFAULT+com.fy.img.picker.ImgPickerActivity
ADDED from src\main\AndroidManifest.xml:309:13-313:29
action#com.fy.img.picker.ImgPickerActivity
ADDED from src\main\AndroidManifest.xml:310:17-78
	android:name
		ADDED from src\main\AndroidManifest.xml:310:25-75
activity#com.fy.img.picker.preview.PicturePreviewActivity
ADDED from src\main\AndroidManifest.xml:317:9-325:20
MERGED from [:imgPicker] AndroidManifest.xml:28:9-36:20
MERGED from [:imgPicker] AndroidManifest.xml:28:9-36:20
	android:screenOrientation
		ADDED from src\main\AndroidManifest.xml:319:13-49
	android:name
		ADDED from src\main\AndroidManifest.xml:318:13-76
intent-filter#android.intent.category.DEFAULT+com.fy.img.picker.preview.PicturePreviewActivity
ADDED from src\main\AndroidManifest.xml:320:13-324:29